<?xml version="1.0" encoding="UTF-8" ?>
<testsuite tests="1" failures="0" name="TestRunner" time="2.541" errors="1" skipped="0">
  <properties>
[...]
</properties>
  <testcase classname="EAAF Attacks Exclusion" name="try" time="2.541">
    <error message="session not created: This version of ChromeDriver only supports Chrome version 114
Current browser version is 119.0.6045.160 with binary path C:\Program Files\Google\Chrome\Application\chrome.exe
Build info: version: &apos;3.141.59&apos;, revision: &apos;e82be7d358&apos;, time: &apos;2018-11-14T08:17:03&apos;
System info: host: &apos;AMEEN-LT&apos;, ip: &apos;192.168.1.34&apos;, os.name: &apos;Windows 10&apos;, os.arch: &apos;amd64&apos;, os.version: &apos;10.0&apos;, java.version: &apos;1.8.0_121&apos;
Driver info: driver.version: ChromeDriver
remote stacktrace: Backtrace:
	GetHandleVerifier [0x0065A813+48355]
	(No symbol) [0x005EC4B1]
	(No symbol) [0x004F5358]
	(No symbol) [0x005161AC]
	(No symbol) [0x00511EF3]
	(No symbol) [0x00510579]
	(No symbol) [0x00540C55]
	(No symbol) [0x0054093C]
	(No symbol) [0x0053A536]
	(No symbol) [0x005182DC]
	(No symbol) [0x005193DD]
	GetHandleVerifier [0x008BAABD+2539405]
	GetHandleVerifier [0x008FA78F+2800735]
	GetHandleVerifier [0x008F456C+2775612]
	GetHandleVerifier [0x006E51E0+616112]
	(No symbol) [0x005F5F8C]
	(No symbol) [0x005F2328]
	(No symbol) [0x005F240B]
	(No symbol) [0x005E4FF7]
	BaseThreadInitThunk [0x75CEFCC9+25]
	RtlGetAppContainerNamedObjectPath [0x77E97C6E+286]
	RtlGetAppContainerNamedObjectPath [0x77E97C3E+238]
" type="org.openqa.selenium.SessionNotCreatedException">org.openqa.selenium.SessionNotCreatedException: session not created: This version of ChromeDriver only supports Chrome version 114
Current browser version is 119.0.6045.160 with binary path C:\Program Files\Google\Chrome\Application\chrome.exe
Build info: version: &apos;3.141.59&apos;, revision: &apos;e82be7d358&apos;, time: &apos;2018-11-14T08:17:03&apos;
System info: host: &apos;AMEEN-LT&apos;, ip: &apos;192.168.1.34&apos;, os.name: &apos;Windows 10&apos;, os.arch: &apos;amd64&apos;, os.version: &apos;10.0&apos;, java.version: &apos;1.8.0_121&apos;
Driver info: driver.version: ChromeDriver
remote stacktrace: Backtrace:
	GetHandleVerifier [0x0065A813+48355]
	(No symbol) [0x005EC4B1]
	(No symbol) [0x004F5358]
	(No symbol) [0x005161AC]
	(No symbol) [0x00511EF3]
	(No symbol) [0x00510579]
	(No symbol) [0x00540C55]
	(No symbol) [0x0054093C]
	(No symbol) [0x0053A536]
	(No symbol) [0x005182DC]
	(No symbol) [0x005193DD]
	GetHandleVerifier [0x008BAABD+2539405]
	GetHandleVerifier [0x008FA78F+2800735]
	GetHandleVerifier [0x008F456C+2775612]
	GetHandleVerifier [0x006E51E0+616112]
	(No symbol) [0x005F5F8C]
	(No symbol) [0x005F2328]
	(No symbol) [0x005F240B]
	(No symbol) [0x005E4FF7]
	BaseThreadInitThunk [0x75CEFCC9+25]
	RtlGetAppContainerNamedObjectPath [0x77E97C6E+286]
	RtlGetAppContainerNamedObjectPath [0x77E97C3E+238]

	at sun.reflect.NativeConstructorAccessorImpl.newInstance0(Native Method)
	at sun.reflect.NativeConstructorAccessorImpl.newInstance(NativeConstructorAccessorImpl.java:62)
	at sun.reflect.DelegatingConstructorAccessorImpl.newInstance(DelegatingConstructorAccessorImpl.java:45)
	at java.lang.reflect.Constructor.newInstance(Constructor.java:423)
	at org.openqa.selenium.remote.W3CHandshakeResponse.lambda$errorHandler$0(W3CHandshakeResponse.java:62)
	at org.openqa.selenium.remote.HandshakeResponse.lambda$getResponseFunction$0(HandshakeResponse.java:30)
	at org.openqa.selenium.remote.ProtocolHandshake.lambda$createSession$0(ProtocolHandshake.java:126)
	at java.util.stream.ReferencePipeline$3$1.accept(ReferencePipeline.java:193)
	at java.util.Spliterators$ArraySpliterator.tryAdvance(Spliterators.java:958)
	at java.util.stream.ReferencePipeline.forEachWithCancel(ReferencePipeline.java:126)
	at java.util.stream.AbstractPipeline.copyIntoWithCancel(AbstractPipeline.java:498)
	at java.util.stream.AbstractPipeline.copyInto(AbstractPipeline.java:485)
	at java.util.stream.AbstractPipeline.wrapAndCopyInto(AbstractPipeline.java:471)
	at java.util.stream.FindOps$FindOp.evaluateSequential(FindOps.java:152)
	at java.util.stream.AbstractPipeline.evaluate(AbstractPipeline.java:234)
	at java.util.stream.ReferencePipeline.findFirst(ReferencePipeline.java:464)
	at org.openqa.selenium.remote.ProtocolHandshake.createSession(ProtocolHandshake.java:128)
	at org.openqa.selenium.remote.ProtocolHandshake.createSession(ProtocolHandshake.java:74)
	at org.openqa.selenium.remote.HttpCommandExecutor.execute(HttpCommandExecutor.java:136)
	at org.openqa.selenium.remote.service.DriverCommandExecutor.execute(DriverCommandExecutor.java:83)
	at org.openqa.selenium.remote.RemoteWebDriver.execute(RemoteWebDriver.java:552)
	at org.openqa.selenium.remote.RemoteWebDriver.startSession(RemoteWebDriver.java:213)
	at org.openqa.selenium.remote.RemoteWebDriver.&lt;init&gt;(RemoteWebDriver.java:131)
	at org.openqa.selenium.chrome.ChromeDriver.&lt;init&gt;(ChromeDriver.java:181)
	at org.openqa.selenium.chrome.ChromeDriver.&lt;init&gt;(ChromeDriver.java:168)
	at org.openqa.selenium.chrome.ChromeDriver.&lt;init&gt;(ChromeDriver.java:123)
	at hooks.Hooks.setUp(Hooks.java:14)
</error>
    <system-out>
@SID_1
Scenario: try                        &amp;#27;[90m# src/test/resources/example.feature:5&amp;#27;[0m
      &amp;#27;[31morg.openqa.selenium.SessionNotCreatedException: session not created: This version of ChromeDriver only supports Chrome version 114
Current browser version is 119.0.6045.160 with binary path C:\Program Files\Google\Chrome\Application\chrome.exe
Build info: version: &apos;3.141.59&apos;, revision: &apos;e82be7d358&apos;, time: &apos;2018-11-14T08:17:03&apos;
System info: host: &apos;AMEEN-LT&apos;, ip: &apos;192.168.1.34&apos;, os.name: &apos;Windows 10&apos;, os.arch: &apos;amd64&apos;, os.version: &apos;10.0&apos;, java.version: &apos;1.8.0_121&apos;
Driver info: driver.version: ChromeDriver
remote stacktrace: Backtrace:
	GetHandleVerifier [0x0065A813+48355]
	(No symbol) [0x005EC4B1]
	(No symbol) [0x004F5358]
	(No symbol) [0x005161AC]
	(No symbol) [0x00511EF3]
	(No symbol) [0x00510579]
	(No symbol) [0x00540C55]
	(No symbol) [0x0054093C]
	(No symbol) [0x0053A536]
	(No symbol) [0x005182DC]
	(No symbol) [0x005193DD]
	GetHandleVerifier [0x008BAABD+2539405]
	GetHandleVerifier [0x008FA78F+2800735]
	GetHandleVerifier [0x008F456C+2775612]
	GetHandleVerifier [0x006E51E0+616112]
	(No symbol) [0x005F5F8C]
	(No symbol) [0x005F2328]
	(No symbol) [0x005F240B]
	(No symbol) [0x005E4FF7]
	BaseThreadInitThunk [0x75CEFCC9+25]
	RtlGetAppContainerNamedObjectPath [0x77E97C6E+286]
	RtlGetAppContainerNamedObjectPath [0x77E97C3E+238]

	at sun.reflect.NativeConstructorAccessorImpl.newInstance0(Native Method)
	at sun.reflect.NativeConstructorAccessorImpl.newInstance(NativeConstructorAccessorImpl.java:62)
	at sun.reflect.DelegatingConstructorAccessorImpl.newInstance(DelegatingConstructorAccessorImpl.java:45)
	at java.lang.reflect.Constructor.newInstance(Constructor.java:423)
	at org.openqa.selenium.remote.W3CHandshakeResponse.lambda$errorHandler$0(W3CHandshakeResponse.java:62)
	at org.openqa.selenium.remote.HandshakeResponse.lambda$getResponseFunction$0(HandshakeResponse.java:30)
	at org.openqa.selenium.remote.ProtocolHandshake.lambda$createSession$0(ProtocolHandshake.java:126)
	at java.util.stream.ReferencePipeline$3$1.accept(ReferencePipeline.java:193)
	at java.util.Spliterators$ArraySpliterator.tryAdvance(Spliterators.java:958)
	at java.util.stream.ReferencePipeline.forEachWithCancel(ReferencePipeline.java:126)
	at java.util.stream.AbstractPipeline.copyIntoWithCancel(AbstractPipeline.java:498)
	at java.util.stream.AbstractPipeline.copyInto(AbstractPipeline.java:485)
	at java.util.stream.AbstractPipeline.wrapAndCopyInto(AbstractPipeline.java:471)
	at java.util.stream.FindOps$FindOp.evaluateSequential(FindOps.java:152)
	at java.util.stream.AbstractPipeline.evaluate(AbstractPipeline.java:234)
	at java.util.stream.ReferencePipeline.findFirst(ReferencePipeline.java:464)
	at org.openqa.selenium.remote.ProtocolHandshake.createSession(ProtocolHandshake.java:128)
	at org.openqa.selenium.remote.ProtocolHandshake.createSession(ProtocolHandshake.java:74)
	at org.openqa.selenium.remote.HttpCommandExecutor.execute(HttpCommandExecutor.java:136)
	at org.openqa.selenium.remote.service.DriverCommandExecutor.execute(DriverCommandExecutor.java:83)
	at org.openqa.selenium.remote.RemoteWebDriver.execute(RemoteWebDriver.java:552)
	at org.openqa.selenium.remote.RemoteWebDriver.startSession(RemoteWebDriver.java:213)
	at org.openqa.selenium.remote.RemoteWebDriver.&lt;init&gt;(RemoteWebDriver.java:131)
	at org.openqa.selenium.chrome.ChromeDriver.&lt;init&gt;(ChromeDriver.java:181)
	at org.openqa.selenium.chrome.ChromeDriver.&lt;init&gt;(ChromeDriver.java:168)
	at org.openqa.selenium.chrome.ChromeDriver.&lt;init&gt;(ChromeDriver.java:123)
	at hooks.Hooks.setUp(Hooks.java:14)
&amp;#27;[0m
  &amp;#27;[36mGiven &amp;#27;[0m&amp;#27;[36mI navigate to the login page&amp;#27;[0m &amp;#27;[90m# stepdefinitions.MyFeatureStepDefs.iNavigateToLoginPage()&amp;#27;[0m
</system-out>
    <system-err>Starting ChromeDriver 114.0.5735.90 (386bc09e8f4f2e025eddae123f36f6263096ae49-refs/branch-heads/5735@{#1052}) on port 48392
Only local connections are allowed.
Please see https://chromedriver.chromium.org/security-considerations for suggestions on keeping ChromeDriver safe.
ChromeDriver was started successfully.
</system-err>
  </testcase>
</testsuite>